TN:
SF:/home/andrew/projects/nodejs-redis-proxy/src/modules/lruCache.ts
FN:6,(anonymous_0)
FN:12,(anonymous_1)
FN:19,(anonymous_2)
FN:29,(anonymous_3)
FN:43,(anonymous_4)
FN:64,(anonymous_5)
FN:83,(anonymous_6)
FN:92,(anonymous_7)
FN:98,(anonymous_8)
FN:119,(anonymous_9)
FN:125,(anonymous_10)
FN:139,(anonymous_11)
FNF:12
FNH:12
FNDA:42,(anonymous_0)
FNDA:21,(anonymous_1)
FNDA:12,(anonymous_2)
FNDA:12,(anonymous_3)
FNDA:22,(anonymous_4)
FNDA:42,(anonymous_5)
FNDA:13,(anonymous_6)
FNDA:3,(anonymous_7)
FNDA:1,(anonymous_8)
FNDA:7,(anonymous_9)
FNDA:11,(anonymous_10)
FNDA:11,(anonymous_11)
DA:7,42
DA:8,42
DA:12,1
DA:13,21
DA:16,21
DA:20,12
DA:21,7
DA:24,12
DA:25,3
DA:30,12
DA:31,1
DA:34,11
DA:36,11
DA:37,7
DA:39,4
DA:40,4
DA:44,22
DA:45,22
DA:46,10
DA:49,12
DA:51,12
DA:52,5
DA:55,12
DA:56,9
DA:59,12
DA:61,12
DA:65,42
DA:66,42
DA:67,42
DA:68,42
DA:69,21
DA:72,42
DA:74,42
DA:75,21
DA:78,42
DA:80,42
DA:84,13
DA:85,13
DA:86,4
DA:89,9
DA:93,3
DA:94,3
DA:99,1
DA:100,1
DA:110,1
DA:111,7
DA:112,7
DA:120,7
DA:121,7
DA:122,7
DA:126,11
DA:127,11
DA:128,3
DA:130,8
DA:131,1
DA:132,1
DA:135,7
DA:136,7
DA:140,11
DA:141,1
DA:144,10
DA:145,10
DA:146,2
DA:148,10
LF:64
LH:64
BRDA:20,0,0,7
BRDA:20,0,1,5
BRDA:24,1,0,3
BRDA:24,1,1,9
BRDA:30,2,0,1
BRDA:30,2,1,11
BRDA:30,3,0,12
BRDA:30,3,1,1
BRDA:36,4,0,7
BRDA:36,4,1,4
BRDA:36,5,0,11
BRDA:36,5,1,10
BRDA:45,6,0,10
BRDA:45,6,1,12
BRDA:51,7,0,5
BRDA:51,7,1,7
BRDA:55,8,0,9
BRDA:55,8,1,3
BRDA:68,9,0,21
BRDA:68,9,1,21
BRDA:74,10,0,21
BRDA:74,10,1,21
BRDA:85,11,0,4
BRDA:85,11,1,9
BRDA:93,12,0,3
BRDA:93,12,1,0
BRDA:99,13,0,1
BRDA:99,13,1,0
BRDA:119,14,0,3
BRDA:119,15,0,6
BRDA:127,16,0,3
BRDA:127,16,1,8
BRDA:130,17,0,1
BRDA:130,17,1,7
BRDA:140,18,0,1
BRDA:140,18,1,10
BRDA:145,19,0,2
BRDA:145,19,1,8
BRF:38
BRH:36
end_of_record
